
Table SICK_PERSON dropped.


Table WELL_PERSON dropped.


Table RECORD_DISEASE dropped.


Table STANDARD_RECOMMENDATION dropped.


Table SPECIFIC_RECOMMENDATION dropped.


Table ALERT dropped.


Table PERSON dropped.


Table DISEASE dropped.


Table OBSERVATION dropped.


Table RECOMMENDATION dropped.


Recyclebin purged.


Table PERSON created.


Table SICK_PERSON created.


Table WELL_PERSON created.


Table DISEASE created.


Table RECORD_DISEASE created.


Table RECOMMENDATION created.


Table STANDARD_RECOMMENDATION created.


Table SPECIFIC_RECOMMENDATION created.


Table ALERT created.


Table OBSERVATION created.


Table SICK_PERSON altered.


Table SICK_PERSON altered.


Table SICK_PERSON altered.


Table WELL_PERSON altered.


Table WELL_PERSON altered.


Table WELL_PERSON altered.


Table RECORD_DISEASE altered.


Table RECORD_DISEASE altered.


Table STANDARD_RECOMMENDATION altered.


Table STANDARD_RECOMMENDATION altered.


Table SPECIFIC_RECOMMENDATION altered.


Table SPECIFIC_RECOMMENDATION altered.


Table ALERT altered.

